Using SCRIPTS_ROOTDIR: /opt/moses/scripts
Using multi-thread GIZA
using gzip 
(1) preparing corpus @ Sun Jan 31 19:35:13 UTC 2021
Executing: mkdir -p /data/alignment/corpus
(1.0) selecting factors @ Sun Jan 31 19:35:13 UTC 2021
(1.1) running mkcls  @ Sun Jan 31 19:35:13 UTC 2021
/opt/moses/mgiza/mgizapp/bin/mkcls -c50 -n2 -p/data/dataset/tr.src -V/data/alignment/corpus/src.vcb.classes opt
  /data/alignment/corpus/src.vcb.classes already in place, reusing
(1.1) running mkcls  @ Sun Jan 31 19:35:13 UTC 2021
/opt/moses/mgiza/mgizapp/bin/mkcls -c50 -n2 -p/data/dataset/tr.tgt -V/data/alignment/corpus/tgt.vcb.classes opt
  /data/alignment/corpus/tgt.vcb.classes already in place, reusing
(1.2) creating vcb file /data/alignment/corpus/src.vcb @ Sun Jan 31 19:35:13 UTC 2021
(1.2) creating vcb file /data/alignment/corpus/tgt.vcb @ Sun Jan 31 19:35:14 UTC 2021
(1.3) numberizing corpus /data/alignment/corpus/src-tgt-int-train.snt @ Sun Jan 31 19:35:14 UTC 2021
  /data/alignment/corpus/src-tgt-int-train.snt already in place, reusing
(1.3) numberizing corpus /data/alignment/corpus/tgt-src-int-train.snt @ Sun Jan 31 19:35:14 UTC 2021
  /data/alignment/corpus/tgt-src-int-train.snt already in place, reusing
(2) running giza @ Sun Jan 31 19:35:14 UTC 2021
(2.1a) running snt2cooc src-tgt @ Sun Jan 31 19:35:14 UTC 2021

Executing: mkdir -p /data/alignment/giza.src-tgt
/opt/moses/mgiza/mgizapp/bin/snt2cooc /data/alignment/giza.src-tgt/src-tgt.cooc /data/alignment/corpus/tgt.vcb /data/alignment/corpus/src.vcb /data/alignment/corpus/src-tgt-int-train.snt
Executing: /opt/moses/mgiza/mgizapp/bin/snt2cooc /data/alignment/giza.src-tgt/src-tgt.cooc /data/alignment/corpus/tgt.vcb /data/alignment/corpus/src.vcb /data/alignment/corpus/src-tgt-int-train.snt
line 1000
line 2000
line 3000
line 4000
line 5000
line 6000
line 7000
line 8000
line 9000
line 10000
line 11000
line 12000
line 13000
line 14000
line 15000
line 16000
line 17000
line 18000
line 19000
line 20000
line 21000
line 22000
line 23000
line 24000
line 25000
line 26000
line 27000
line 28000
line 29000
line 30000
line 31000
line 32000
line 33000
line 34000
line 35000
line 36000
line 37000
line 38000
line 39000
line 40000
line 41000
line 42000
line 43000
END.
(2.1b) running giza src-tgt @ Sun Jan 31 19:35:24 UTC 2021
/opt/moses/mgiza/mgizapp/bin/mgiza  -CoocurrenceFile /data/alignment/giza.src-tgt/src-tgt.cooc -c /data/alignment/corpus/src-tgt-int-train.snt -m1 5 -m2 0 -m3 3 -m4 3 -model1dumpfrequency 1 -model4smoothfactor 0.4 -ncpus 12 -nodumps 1 -nsmooth 4 -o /data/alignment/giza.src-tgt/src-tgt -onlyaldumps 1 -p0 0.999 -s /data/alignment/corpus/tgt.vcb -t /data/alignment/corpus/src.vcb
  /data/alignment/giza.src-tgt/src-tgt.A3.final.gz seems finished, reusing.
(2.1a) running snt2cooc tgt-src @ Sun Jan 31 19:35:24 UTC 2021

Executing: mkdir -p /data/alignment/giza.tgt-src
/opt/moses/mgiza/mgizapp/bin/snt2cooc /data/alignment/giza.tgt-src/tgt-src.cooc /data/alignment/corpus/src.vcb /data/alignment/corpus/tgt.vcb /data/alignment/corpus/tgt-src-int-train.snt
Executing: /opt/moses/mgiza/mgizapp/bin/snt2cooc /data/alignment/giza.tgt-src/tgt-src.cooc /data/alignment/corpus/src.vcb /data/alignment/corpus/tgt.vcb /data/alignment/corpus/tgt-src-int-train.snt
line 1000
line 2000
line 3000
line 4000
line 5000
line 6000
line 7000
line 8000
line 9000
line 10000
line 11000
line 12000
line 13000
line 14000
line 15000
line 16000
line 17000
line 18000
line 19000
line 20000
line 21000
line 22000
line 23000
line 24000
line 25000
line 26000
line 27000
line 28000
line 29000
line 30000
line 31000
line 32000
line 33000
line 34000
line 35000
line 36000
line 37000
line 38000
line 39000
line 40000
line 41000
line 42000
line 43000
END.
(2.1b) running giza tgt-src @ Sun Jan 31 19:35:34 UTC 2021
/opt/moses/mgiza/mgizapp/bin/mgiza  -CoocurrenceFile /data/alignment/giza.tgt-src/tgt-src.cooc -c /data/alignment/corpus/tgt-src-int-train.snt -m1 5 -m2 0 -m3 3 -m4 3 -model1dumpfrequency 1 -model4smoothfactor 0.4 -ncpus 12 -nodumps 1 -nsmooth 4 -o /data/alignment/giza.tgt-src/tgt-src -onlyaldumps 1 -p0 0.999 -s /data/alignment/corpus/src.vcb -t /data/alignment/corpus/tgt.vcb
  /data/alignment/giza.tgt-src/tgt-src.A3.final.gz seems finished, reusing.
(3) generate word alignment @ Sun Jan 31 19:35:34 UTC 2021
Combining forward and inverted alignment from files:
  /data/alignment/giza.src-tgt/src-tgt.A3.final.{bz2,gz}
  /data/alignment/giza.tgt-src/tgt-src.A3.final.{bz2,gz}
Executing: mkdir -p /data/alignment/model
Executing: /opt/moses/scripts/training/giza2bal.pl -d "gzip -cd /data/alignment/giza.tgt-src/tgt-src.A3.final.gz" -i "gzip -cd /data/alignment/giza.src-tgt/src-tgt.A3.final.gz" |/opt/moses/scripts/../bin/symal -alignment="grow" -diagonal="yes" -final="yes" -both="yes" > /data/alignment/model/aligned.grow-diag-final-and
symal: computing grow alignment: diagonal (1) final (1)both-uncovered (1)
skip=<0> counts=<43000>
(4) generate lexical translation table 0-0 @ Sun Jan 31 19:35:45 UTC 2021
(/data/dataset/tr.src,/data/dataset/tr.tgt,/data/alignment/model/lex)
  reusing: /data/alignment/model/lex.f2e and /data/alignment/model/lex.e2f
(5) extract phrases @ Sun Jan 31 19:35:45 UTC 2021
MAX 7 1 0
/opt/moses/scripts/generic/extract-parallel.perl 12 split "sort    " /opt/moses/scripts/../bin/extract /data/dataset/tr.tgt /data/dataset/tr.src /data/alignment/model/aligned.grow-diag-final-and /data/alignment/model/extract 7 orientation --model wbe-msd --GZOutput 
Executing: /opt/moses/scripts/generic/extract-parallel.perl 12 split "sort    " /opt/moses/scripts/../bin/extract /data/dataset/tr.tgt /data/dataset/tr.src /data/alignment/model/aligned.grow-diag-final-and /data/alignment/model/extract 7 orientation --model wbe-msd --GZOutput 
Started Sun Jan 31 19:35:45 2021
using gzip 
isBSDSplit=0 
Executing: mkdir -p /data/alignment/model/tmp.40; ls -l /data/alignment/model/tmp.40 
total=43000 line-per-split=3584 
split -d -l 3584 -a 7 /data/dataset/tr.tgt /data/alignment/model/tmp.40/target.split -d -l 3584 -a 7 /data/dataset/tr.src /data/alignment/model/tmp.40/source.split -d -l 3584 -a 7 /data/alignment/model/aligned.grow-diag-final-and /data/alignment/model/tmp.40/align.PhraseExtract v1.5, written by Philipp Koehn et al.PhraseExtract v1.5, written by Philipp Koehn et al.
phrase extraction from an aligned parallel corpus
PhraseExtract v1.5, written by Philipp Koehn et al.
phrase extraction from an aligned parallel corpus
PhraseExtract v1.5, written by Philipp Koehn et al.
phrase extraction from an aligned parallel corpus
PhraseExtract v1.5, written by Philipp Koehn et al.
phrase extraction from an aligned parallel corpus
PhraseExtract v1.5, written by Philipp Koehn et al.
phrase extraction from an aligned parallel corpus
PhraseExtract v1.5, written by Philipp Koehn et al.
phrase extraction from an aligned parallel corpus
PhraseExtract v1.5, written by Philipp Koehn et al.
phrase extraction from an aligned parallel corpus
PhraseExtract v1.5, written by Philipp Koehn et al.

phrase extraction from an aligned parallel corpus
PhraseExtract v1.5, written by Philipp Koehn et al.PhraseExtract v1.5, written by Philipp Koehn et al.

phrase extraction from an aligned parallel corpus
phrase extraction from an aligned parallel corpus
PhraseExtract v1.5, written by Philipp Koehn et al.
phrase extraction from an aligned parallel corpus
phrase extraction from an aligned parallel corpus
....











merging extract / extract.inv
gunzip -c /data/alignment/model/tmp.40/extract.0000000.gz /data/alignment/model/tmp.40/extract.0000001.gz /data/alignment/model/tmp.40/extract.0000002.gz /data/alignment/model/tmp.40/extract.0000003.gz /data/alignment/model/tmp.40/extract.0000004.gz /data/alignment/model/tmp.40/extract.0000005.gz /data/alignment/model/tmp.40/extract.0000006.gz /data/alignment/model/tmp.40/extract.0000007.gz /data/alignment/model/tmp.40/extract.0000008.gz /data/alignment/model/tmp.40/extract.0000009.gz /data/alignment/model/tmp.40/extract.0000010.gz /data/alignment/model/tmp.40/extract.0000011.gz  | LC_ALL=C sort     -T /data/alignment/model/tmp.40 2>> /dev/stderr | gzip -c > /data/alignment/model/extract.sorted.gz 2>> /dev/stderr 
gunzip -c /data/alignment/model/tmp.40/extract.0000000.inv.gz /data/alignment/model/tmp.40/extract.0000001.inv.gz /data/alignment/model/tmp.40/extract.0000002.inv.gz /data/alignment/model/tmp.40/extract.0000003.inv.gz /data/alignment/model/tmp.40/extract.0000004.inv.gz /data/alignment/model/tmp.40/extract.0000005.inv.gz /data/alignment/model/tmp.40/extract.0000006.inv.gz /data/alignment/model/tmp.40/extract.0000007.inv.gz /data/alignment/model/tmp.40/extract.0000008.inv.gz /data/alignment/model/tmp.40/extract.0000009.inv.gz /data/alignment/model/tmp.40/extract.0000010.inv.gz /data/alignment/model/tmp.40/extract.0000011.inv.gz  | LC_ALL=C sort     -T /data/alignment/model/tmp.40 2>> /dev/stderr | gzip -c > /data/alignment/model/extract.inv.sorted.gz 2>> /dev/stderr 
gunzip -c /data/alignment/model/tmp.40/extract.0000000.o.gz /data/alignment/model/tmp.40/extract.0000001.o.gz /data/alignment/model/tmp.40/extract.0000002.o.gz /data/alignment/model/tmp.40/extract.0000003.o.gz /data/alignment/model/tmp.40/extract.0000004.o.gz /data/alignment/model/tmp.40/extract.0000005.o.gz /data/alignment/model/tmp.40/extract.0000006.o.gz /data/alignment/model/tmp.40/extract.0000007.o.gz /data/alignment/model/tmp.40/extract.0000008.o.gz /data/alignment/model/tmp.40/extract.0000009.o.gz /data/alignment/model/tmp.40/extract.0000010.o.gz /data/alignment/model/tmp.40/extract.0000011.o.gz  | LC_ALL=C sort     -T /data/alignment/model/tmp.40 2>> /dev/stderr | gzip -c > /data/alignment/model/extract.o.sorted.gz 2>> /dev/stderr 
Finished Sun Jan 31 19:36:13 2021
(6) score phrases @ Sun Jan 31 19:36:13 UTC 2021
(6.1)  creating table half /data/alignment/model/phrase-table.half.f2e @ Sun Jan 31 19:36:13 UTC 2021
/opt/moses/scripts/generic/score-parallel.perl 12 "sort    " /opt/moses/scripts/../bin/score /data/alignment/model/extract.sorted.gz /data/alignment/model/lex.f2e /data/alignment/model/phrase-table.half.f2e.gz  0 
Executing: /opt/moses/scripts/generic/score-parallel.perl 12 "sort    " /opt/moses/scripts/../bin/score /data/alignment/model/extract.sorted.gz /data/alignment/model/lex.f2e /data/alignment/model/phrase-table.half.f2e.gz  0 
using gzip 
Started Sun Jan 31 19:36:13 2021
/opt/moses/scripts/../bin/score /data/alignment/model/tmp.113/extract.0.gz /data/alignment/model/lex.f2e /data/alignment/model/tmp.113/phrase-table.half.0000000.gz  2>> /dev/stderr 
/data/alignment/model/tmp.113/run.0.sh/data/alignment/model/tmp.113/run.1.sh/data/alignment/model/tmp.113/run.2.sh/data/alignment/model/tmp.113/run.3.sh/data/alignment/model/tmp.113/run.4.sh/data/alignment/model/tmp.113/run.5.sh/data/alignment/model/tmp.113/run.6.sh/data/alignment/model/tmp.113/run.7.sh/data/alignment/model/tmp.113/run.9.sh/data/alignment/model/tmp.113/run.8.sh/data/alignment/model/tmp.113/run.10.sh/data/alignment/model/tmp.113/run.11.shScore v2.1 -- scoring methods for extracted rules
Loading lexical translation table from /data/alignment/model/lex.f2e..
.........................................
mv /data/alignment/model/tmp.113/phrase-table.half.0000000.gz /data/alignment/model/phrase-table.half.f2e.gzrm -rf /data/alignment/model/tmp.113 
Finished Sun Jan 31 19:37:16 2021
(6.3)  creating table half /data/alignment/model/phrase-table.half.e2f @ Sun Jan 31 19:37:16 UTC 2021
/opt/moses/scripts/generic/score-parallel.perl 12 "sort    " /opt/moses/scripts/../bin/score /data/alignment/model/extract.inv.sorted.gz /data/alignment/model/lex.e2f /data/alignment/model/phrase-table.half.e2f.gz --Inverse 1 
Executing: /opt/moses/scripts/generic/score-parallel.perl 12 "sort    " /opt/moses/scripts/../bin/score /data/alignment/model/extract.inv.sorted.gz /data/alignment/model/lex.e2f /data/alignment/model/phrase-table.half.e2f.gz --Inverse 1 
using gzip 
Started Sun Jan 31 19:37:16 2021
/opt/moses/scripts/../bin/score /data/alignment/model/tmp.160/extract.0.gz /data/alignment/model/lex.e2f /data/alignment/model/tmp.160/phrase-table.half.0000000.gz --Inverse  2>> /dev/stderr 
/data/alignment/model/tmp.160/run.0.sh/data/alignment/model/tmp.160/run.1.sh/data/alignment/model/tmp.160/run.2.sh/data/alignment/model/tmp.160/run.3.sh/data/alignment/model/tmp.160/run.4.sh/data/alignment/model/tmp.160/run.5.sh/data/alignment/model/tmp.160/run.6.sh/data/alignment/model/tmp.160/run.7.sh/data/alignment/model/tmp.160/run.8.sh/data/alignment/model/tmp.160/run.9.sh/data/alignment/model/tmp.160/run.11.sh/data/alignment/model/tmp.160/run.10.shScore v2.1 -- scoring methods for extracted rules
using inverse mode
Loading lexical translation table from /data/alignment/model/lex.e2f..
.........................................
gunzip -c /data/alignment/model/tmp.160/phrase-table.half.*.gz 2>> /dev/stderr| LC_ALL=C sort     -T /data/alignment/model/tmp.160  | gzip -c > /data/alignment/model/phrase-table.half.e2f.gz  2>> /dev/stderr rm -rf /data/alignment/model/tmp.160 
Finished Sun Jan 31 19:38:26 2021
(6.6) consolidating the two halves @ Sun Jan 31 19:38:26 UTC 2021
Executing: /opt/moses/scripts/../bin/consolidate /data/alignment/model/phrase-table.half.f2e.gz /data/alignment/model/phrase-table.half.e2f.gz /dev/stdout | gzip -c > /data/alignment/model/phrase-table.gz
Consolidate v2.0 written by Philipp Koehn
consolidating direct and indirect rule tables
..............................
Executing: rm -f /data/alignment/model/phrase-table.half.*
(7) learn reordering model @ Sun Jan 31 19:38:49 UTC 2021
(7.1) [no factors] learn reordering model @ Sun Jan 31 19:38:49 UTC 2021
(7.2) building tables @ Sun Jan 31 19:38:49 UTC 2021
Executing: /opt/moses/scripts/../bin/lexical-reordering-score /data/alignment/model/extract.o.sorted.gz 0.5 /data/alignment/model/reordering-table. --model "wbe msd wbe-msd-bidirectional-fe"
Lexical Reordering Scorer
scores lexical reordering models of several types (hierarchical, phrase-based and word-based-extraction
(8) learn generation model @ Sun Jan 31 19:39:09 UTC 2021
  no generation model requested, skipping step
(9) create moses.ini @ Sun Jan 31 19:39:09 UTC 2021
